<?xml version="1.0" encoding="UTF-8"?>
<testng-results skipped="0" failed="0" ignored="0" total="2" passed="2">
  <reporter-output>
  </reporter-output>
  <suite name="RestAssuredApi" duration-ms="7662" started-at="2020-04-19T03:45:35Z" finished-at="2020-04-19T03:45:43Z">
    <groups>
    </groups>
    <test name="RestAssuredTest" duration-ms="7662" started-at="2020-04-19T03:45:35Z" finished-at="2020-04-19T03:45:43Z">
      <class name="RestAssuredTestCase.TC_GetRequest">
        <test-method status="PASS" signature="setup()[pri:0, instance:RestAssuredTestCase.TC_GetRequest@43a25848]" name="setup" is-config="true" duration-ms="60" started-at="2020-04-19T03:45:35Z" finished-at="2020-04-19T03:45:35Z">
          <reporter-output>
          </reporter-output>
        </test-method> <!-- setup -->
        <test-method status="PASS" signature="getCityWeather()[pri:0, instance:RestAssuredTestCase.TC_GetRequest@43a25848]" name="getCityWeather" is-config="true" duration-ms="7326" started-at="2020-04-19T03:45:35Z" finished-at="2020-04-19T03:45:43Z">
          <reporter-output>
          </reporter-output>
        </test-method> <!-- getCityWeather -->
        <test-method status="PASS" signature="VerfiyResposeBody()[pri:0, instance:RestAssuredTestCase.TC_GetRequest@43a25848]" name="VerfiyResposeBody" duration-ms="22" started-at="2020-04-19T03:45:43Z" finished-at="2020-04-19T03:45:43Z">
          <reporter-output>
          </reporter-output>
        </test-method> <!-- VerfiyResposeBody -->
        <test-method status="PASS" signature="VerifyStatuCode()[pri:0, instance:RestAssuredTestCase.TC_GetRequest@43a25848]" name="VerifyStatuCode" duration-ms="1" started-at="2020-04-19T03:45:43Z" finished-at="2020-04-19T03:45:43Z">
          <reporter-output>
          </reporter-output>
        </test-method> <!-- VerifyStatuCode -->
        <test-method status="PASS" signature="teardown()[pri:0, instance:RestAssuredTestCase.TC_GetRequest@43a25848]" name="teardown" is-config="true" duration-ms="1" started-at="2020-04-19T03:45:43Z" finished-at="2020-04-19T03:45:43Z">
          <reporter-output>
          </reporter-output>
        </test-method> <!-- teardown -->
      </class> <!-- RestAssuredTestCase.TC_GetRequest -->
    </test> <!-- RestAssuredTest -->
  </suite> <!-- RestAssuredApi -->
</testng-results>
