<?xml version="1.0" encoding="UTF-8"?>
<testng-results skipped="0" failed="0" ignored="0" total="2" passed="2">
  <reporter-output>
  </reporter-output>
  <suite name="RestAssuredApi" duration-ms="5178" started-at="2020-04-18T09:52:11Z" finished-at="2020-04-18T09:52:17Z">
    <groups>
    </groups>
    <test name="RestAssuredTest" duration-ms="5178" started-at="2020-04-18T09:52:11Z" finished-at="2020-04-18T09:52:17Z">
      <class name="RestAssuredTestCase.TC_GetRequest">
        <test-method status="PASS" signature="setup()[pri:0, instance:RestAssuredTestCase.TC_GetRequest@77caeb3e]" name="setup" is-config="true" duration-ms="36" started-at="2020-04-18T09:52:12Z" finished-at="2020-04-18T09:52:12Z">
          <reporter-output>
          </reporter-output>
        </test-method> <!-- setup -->
        <test-method status="PASS" signature="getCityWeather()[pri:0, instance:RestAssuredTestCase.TC_GetRequest@77caeb3e]" name="getCityWeather" is-config="true" duration-ms="3771" started-at="2020-04-18T09:52:12Z" finished-at="2020-04-18T09:52:16Z">
          <reporter-output>
          </reporter-output>
        </test-method> <!-- getCityWeather -->
        <test-method status="PASS" signature="VerfiyResposeBody()[pri:0, instance:RestAssuredTestCase.TC_GetRequest@77caeb3e]" name="VerfiyResposeBody" duration-ms="252" started-at="2020-04-18T09:52:16Z" finished-at="2020-04-18T09:52:16Z">
          <reporter-output>
          </reporter-output>
        </test-method> <!-- VerfiyResposeBody -->
        <test-method status="PASS" signature="VerifyStatuCode()[pri:0, instance:RestAssuredTestCase.TC_GetRequest@77caeb3e]" name="VerifyStatuCode" duration-ms="2" started-at="2020-04-18T09:52:17Z" finished-at="2020-04-18T09:52:17Z">
          <reporter-output>
          </reporter-output>
        </test-method> <!-- VerifyStatuCode -->
        <test-method status="PASS" signature="teardown()[pri:0, instance:RestAssuredTestCase.TC_GetRequest@77caeb3e]" name="teardown" is-config="true" duration-ms="0" started-at="2020-04-18T09:52:17Z" finished-at="2020-04-18T09:52:17Z">
          <reporter-output>
          </reporter-output>
        </test-method> <!-- teardown -->
      </class> <!-- RestAssuredTestCase.TC_GetRequest -->
    </test> <!-- RestAssuredTest -->
  </suite> <!-- RestAssuredApi -->
</testng-results>
